<?xml version="1.0" encoding="UTF-8"?>
<!-- Generated by org.testng.reporters.JUnitReportReporter -->
<testsuite hostname="DESKTOP-M9BLJAP" failures="0" tests="3" name="mytest.MyTestCases" time="18.987" errors="0" timestamp="2025-09-01T19:30:43 EET" skipped="0">
  <testcase classname="mytest.MyTestCases" name="checkTheIntroPage" time="1.607"/>
  <system-out/>
  <testcase classname="mytest.MyTestCases" name="signUp" time="9.961"/>
  <system-out/>
  <testcase classname="mytest.MyTestCases" name="logIn" time="7.419"/>
  <system-out/>
</testsuite> <!-- mytest.MyTestCases -->
