<?xml version="1.0" encoding="UTF-8"?>
<!-- Generated by org.testng.reporters.JUnitReportReporter -->
<testsuite hostname="DESKTOP-M9BLJAP" failures="0" tests="1" name="MyTestCases" time="1.288" errors="0" timestamp="2025-09-01T17:06:41 EET" skipped="0">
  <testcase classname="MyTestCases" name="checkTheIntroPage" time="1.288"/>
  <system-out/>
</testsuite> <!-- MyTestCases -->
